Mon Mar 10 05:04:25 PM UTC 2025 - Added Dockerfile and pushed to GitHub
3823c48 Update README.md
b2d2b22 Update README.md
e07bf38 Update README.md
0397996 Create README.md
c1b8f7e Add files via upload
3dc4c02 Initial commit
Mon Mar 10 05:05:08 PM UTC 2025 - Added Dockerfile and pushed to GitHub
3823c48 Update README.md
b2d2b22 Update README.md
e07bf38 Update README.md
0397996 Create README.md
c1b8f7e Add files via upload
3dc4c02 Initial commit
Mon Mar 10 05:06:29 PM UTC 2025 - Added Dockerfile and pushed to GitHub
3823c48 Update README.md
b2d2b22 Update README.md
e07bf38 Update README.md
0397996 Create README.md
c1b8f7e Add files via upload
3dc4c02 Initial commit
Mon Mar 10 05:07:58 PM UTC 2025 - Added Dockerfile and pushed to GitHub
3823c48 Update README.md
b2d2b22 Update README.md
e07bf38 Update README.md
0397996 Create README.md
c1b8f7e Add files via upload
3dc4c02 Initial commit
Mon Mar 10 05:10:03 PM UTC 2025 - Added Dockerfile and pushed to GitHub
93bfd1b Add Dockerfile for containerization
3823c48 Update README.md
b2d2b22 Update README.md
e07bf38 Update README.md
0397996 Create README.md
c1b8f7e Add files via upload
3dc4c02 Initial commit
